<?xml version="1.0" encoding="UTF-8"?>
<!-- Generated by org.testng.reporters.JUnitReportReporter -->
<testsuite skipped="0" hostname="ATMECSINLT-220" name="com.glooko.tests.home.HomeTest" tests="1" failures="0" timestamp="08 Jun 2018 08:46:19 GMT" time="32.118" errors="0">
  <testcase name="checkAndtapNotification" time="32.118" classname="com.glooko.tests.home.HomeTest"/>
</testsuite> <!-- com.glooko.tests.home.HomeTest -->
