<?xml version="1.0" encoding="UTF-8"?>
<!-- Generated by org.testng.reporters.JUnitReportReporter -->
<testsuite skipped="0" hostname="ATMECSINLT-220" name="com.glooko.tests.login.LoginTest" tests="1" failures="0" timestamp="08 Jun 2018 08:46:19 GMT" time="16.426" errors="0">
  <testcase name="doLogin" time="16.426" classname="com.glooko.tests.login.LoginTest"/>
</testsuite> <!-- com.glooko.tests.login.LoginTest -->
